<?xml version="1.0" encoding="UTF-8"?>
<testng-results ignored="0" total="5" passed="4" failed="1" skipped="0">
  <reporter-output>
  </reporter-output>
  <suite started-at="2024-08-23T19:13:32 IST" name="Default suite" finished-at="2024-08-23T19:16:03 IST" duration-ms="150853">
    <groups>
      <group name="cucumber">
        <method signature="AbstractTestNGCucumberTests.runScenario(io.cucumber.testng.PickleWrapper,io.cucumber.testng.FeatureWrapper)[pri:0, instance:com.tarottalk.today.stepdefenitions.Runner@22555ebf]" name="runScenario" class="io.cucumber.testng.AbstractTestNGCucumberTests"/>
      </group> <!-- cucumber -->
    </groups>
    <test started-at="2024-08-23T19:13:32 IST" name="Default test" finished-at="2024-08-23T19:16:03 IST" duration-ms="150853">
      <class name="com.tarottalk.today.stepdefenitions.Runner">
        <test-method is-config="true" signature="setUpClass(org.testng.ITestContext)[pri:0, instance:com.tarottalk.today.stepdefenitions.Runner@22555ebf]" started-at="2024-08-23T19:13:32 IST" name="setUpClass" finished-at="2024-08-23T19:13:33 IST" duration-ms="1039" status="PASS">
          <params>
            <param index="0">
              <value>
                <![CDATA[org.testng.TestRunner@17c0274c]]>
              </value>
            </param>
          </params>
          <reporter-output>
          </reporter-output>
        </test-method> <!-- setUpClass -->
        <test-method signature="runScenario(io.cucumber.testng.PickleWrapper,io.cucumber.testng.FeatureWrapper)[pri:0, instance:com.tarottalk.today.stepdefenitions.Runner@22555ebf]" started-at="2024-08-23T19:13:33 IST" name="runScenario" description="Runs Cucumber Scenarios" data-provider="scenarios" finished-at="2024-08-23T19:14:21 IST" duration-ms="47592" status="FAIL">
          <params>
            <param index="0">
              <value>
                <![CDATA["Registration check"]]>
              </value>
            </param>
            <param index="1">
              <value>
                <![CDATA["Checking Registration functionality"]]>
              </value>
            </param>
          </params>
          <exception class="org.openqa.selenium.TimeoutException">
            <message>
              <![CDATA[Expected condition failed: waiting for visibility of all elements located by By.xpath: (//li[@class='nav-item']/a)[4] (tried for 10 second(s) with 500 milliseconds interval)
Build info: version: '4.23.0', revision: '4df0a231af'
System info: os.name: 'Windows 10', os.arch: 'amd64', os.version: '10.0', java.version: '21.0.2'
Driver info: org.openqa.selenium.chrome.ChromeDriver
Capabilities {acceptInsecureCerts: false, browserName: chrome, browserVersion: 127.0.6533.122, chrome: {chromedriverVersion: 127.0.6533.119 (bdef6783a05..., userDataDir: C:\Users\subas\AppData\Loca...}, fedcm:accounts: true, goog:chromeOptions: {debuggerAddress: localhost:61553}, networkConnectionEnabled: false, pageLoadStrategy: normal, platformName: windows, proxy: Proxy(), se:cdp: ws://localhost:61553/devtoo..., se:cdpVersion: 127.0.6533.122, setWindowRect: true, strictFileInteractability: false, timeouts: {implicit: 0, pageLoad: 300000, script: 30000}, unhandledPromptBehavior: dismiss and notify, webauthn:extension:credBlob: true, webauthn:extension:largeBlob: true, webauthn:extension:minPinLength: true, webauthn:extension:prf: true, webauthn:virtualAuthenticators: true}
Session ID: a4c4c6309a293eee83ef7eac5c837487]]>
            </message>
            <full-stacktrace>
              <![CDATA[org.openqa.selenium.TimeoutException: Expected condition failed: waiting for visibility of all elements located by By.xpath: (//li[@class='nav-item']/a)[4] (tried for 10 second(s) with 500 milliseconds interval)
Build info: version: '4.23.0', revision: '4df0a231af'
System info: os.name: 'Windows 10', os.arch: 'amd64', os.version: '10.0', java.version: '21.0.2'
Driver info: org.openqa.selenium.chrome.ChromeDriver
Capabilities {acceptInsecureCerts: false, browserName: chrome, browserVersion: 127.0.6533.122, chrome: {chromedriverVersion: 127.0.6533.119 (bdef6783a05..., userDataDir: C:\Users\subas\AppData\Loca...}, fedcm:accounts: true, goog:chromeOptions: {debuggerAddress: localhost:61553}, networkConnectionEnabled: false, pageLoadStrategy: normal, platformName: windows, proxy: Proxy(), se:cdp: ws://localhost:61553/devtoo..., se:cdpVersion: 127.0.6533.122, setWindowRect: true, strictFileInteractability: false, timeouts: {implicit: 0, pageLoad: 300000, script: 30000}, unhandledPromptBehavior: dismiss and notify, webauthn:extension:credBlob: true, webauthn:extension:largeBlob: true, webauthn:extension:minPinLength: true, webauthn:extension:prf: true, webauthn:virtualAuthenticators: true}
Session ID: a4c4c6309a293eee83ef7eac5c837487
at org.openqa.selenium.support.ui.WebDriverWait.timeoutException(WebDriverWait.java:84)
at org.openqa.selenium.support.ui.FluentWait.until(FluentWait.java:228)
at com.tarottalk.today.Driverfactory.element(Driverfactory.java:63)
at com.tarottalk.today.pages.RegistrationPage.succesMsg(RegistrationPage.java:97)
at com.tarottalk.today.stepdefenitions.Registration.verifyTheUserRegisterSuccesfully(Registration.java:86)
at ✽.verify the user Register Succesfully(file:///C:/Users/subas/eclipse-workspace/TarotTalk_WebAutomation/src/test/resources/FeatureFiles/Registration.feature:17)
]]>
            </full-stacktrace>
          </exception> <!-- org.openqa.selenium.TimeoutException -->
          <reporter-output>
          </reporter-output>
        </test-method> <!-- runScenario -->
        <test-method signature="runScenario(io.cucumber.testng.PickleWrapper,io.cucumber.testng.FeatureWrapper)[pri:0, instance:com.tarottalk.today.stepdefenitions.Runner@22555ebf]" started-at="2024-08-23T19:14:21 IST" name="runScenario" description="Runs Cucumber Scenarios" data-provider="scenarios" finished-at="2024-08-23T19:14:48 IST" duration-ms="26732" status="PASS">
          <params>
            <param index="0">
              <value>
                <![CDATA["Login with valid mobile and Password"]]>
              </value>
            </param>
            <param index="1">
              <value>
                <![CDATA["Checking Login Functionality"]]>
              </value>
            </param>
          </params>
          <reporter-output>
          </reporter-output>
        </test-method> <!-- runScenario -->
        <test-method signature="runScenario(io.cucumber.testng.PickleWrapper,io.cucumber.testng.FeatureWrapper)[pri:0, instance:com.tarottalk.today.stepdefenitions.Runner@22555ebf]" started-at="2024-08-23T19:14:48 IST" name="runScenario" description="Runs Cucumber Scenarios" data-provider="scenarios" finished-at="2024-08-23T19:15:14 IST" duration-ms="26378" status="PASS">
          <params>
            <param index="0">
              <value>
                <![CDATA["Login with invalid mobile and Password"]]>
              </value>
            </param>
            <param index="1">
              <value>
                <![CDATA["Checking Login Functionality"]]>
              </value>
            </param>
          </params>
          <reporter-output>
          </reporter-output>
        </test-method> <!-- runScenario -->
        <test-method signature="runScenario(io.cucumber.testng.PickleWrapper,io.cucumber.testng.FeatureWrapper)[pri:0, instance:com.tarottalk.today.stepdefenitions.Runner@22555ebf]" started-at="2024-08-23T19:15:14 IST" name="runScenario" description="Runs Cucumber Scenarios" data-provider="scenarios" finished-at="2024-08-23T19:15:40 IST" duration-ms="25639" status="PASS">
          <params>
            <param index="0">
              <value>
                <![CDATA["Login with valid mobile and invalid Password"]]>
              </value>
            </param>
            <param index="1">
              <value>
                <![CDATA["Checking Login Functionality"]]>
              </value>
            </param>
          </params>
          <reporter-output>
          </reporter-output>
        </test-method> <!-- runScenario -->
        <test-method signature="runScenario(io.cucumber.testng.PickleWrapper,io.cucumber.testng.FeatureWrapper)[pri:0, instance:com.tarottalk.today.stepdefenitions.Runner@22555ebf]" started-at="2024-08-23T19:15:40 IST" name="runScenario" description="Runs Cucumber Scenarios" data-provider="scenarios" finished-at="2024-08-23T19:16:03 IST" duration-ms="23302" status="PASS">
          <params>
            <param index="0">
              <value>
                <![CDATA["Login with invalid mobile and valid Password"]]>
              </value>
            </param>
            <param index="1">
              <value>
                <![CDATA["Checking Login Functionality"]]>
              </value>
            </param>
          </params>
          <reporter-output>
          </reporter-output>
        </test-method> <!-- runScenario -->
        <test-method is-config="true" signature="tearDownClass()[pri:0, instance:com.tarottalk.today.stepdefenitions.Runner@22555ebf]" started-at="2024-08-23T19:16:03 IST" name="tearDownClass" finished-at="2024-08-23T19:16:03 IST" duration-ms="68" status="PASS">
          <reporter-output>
          </reporter-output>
        </test-method> <!-- tearDownClass -->
      </class> <!-- com.tarottalk.today.stepdefenitions.Runner -->
    </test> <!-- Default test -->
  </suite> <!-- Default suite -->
</testng-results>
